<?xml version="1.0" encoding="UTF-8"?>
<!-- Generated by org.testng.reporters.JUnitReportReporter -->
<testsuite hostname="DESKTOP-HGA3NDP" failures="0" tests="1" name="test.GitHubLogin" time="0.009" errors="0" timestamp="2022-12-14T11:04:59 IST" skipped="0">
  <testcase classname="test.GitHubLogin" name="logIn" time="0.009"/>
  <system-out/>
</testsuite> <!-- test.GitHubLogin -->
