<?xml version="1.0" encoding="UTF-8"?>
<!-- Generated by org.testng.reporters.JUnitReportReporter -->
<testsuite hostname="DESKTOP-HGA3NDP" failures="0" tests="1" name="test.GitHubLogin" time="0.019" errors="0" timestamp="2022-12-13T23:34:01 IST" skipped="0">
  <testcase classname="test.GitHubLogin" name="logIn" time="0.019"/>
  <system-out/>
</testsuite> <!-- test.GitHubLogin -->
