<?xml version="1.0" encoding="UTF-8"?>
<!-- Generated by org.testng.reporters.JUnitReportReporter -->
<testsuite hostname="DESKTOP-HGA3NDP" failures="0" tests="1" name="testing.GitHubLogin" time="0.015" errors="0" timestamp="2022-12-13T22:55:10 IST" skipped="0">
  <testcase classname="testing.GitHubLogin" name="logIn" time="0.015"/>
  <system-out/>
</testsuite> <!-- testing.GitHubLogin -->
